# JRE version: Java(TM) SE Runtime Environment (8.0_201-b09) (build 1.8.0_201-b09)
# Java VM: Java HotSpot(TM) 64-Bit Server VM (25.201-b09 mixed mode windows-amd64 compressed oops)
Heap:
 PSYoungGen      total 207360K, used 144892K [0x0000000740000000, 0x0000000752700000, 0x00000007c0000000)
  eden space 190976K, 75% used [0x0000000740000000,0x0000000748d7f1c8,0x000000074ba80000)
  from space 16384K, 0% used [0x000000074ba80000,0x000000074ba80000,0x000000074ca80000)
  to   space 16896K, 0% used [0x0000000751680000,0x0000000751680000,0x0000000752700000)
 ParOldGen       total 207872K, used 19603K [0x0000000640000000, 0x000000064cb00000, 0x0000000740000000)
  object space 207872K, 9% used [0x0000000640000000,0x0000000641324e08,0x000000064cb00000)
 Metaspace       used 45504K, capacity 48114K, committed 48384K, reserved 1091584K
  class space    used 6340K, capacity 6842K, committed 6912K, reserved 1048576K
GC Heap History (10 events):
Event: 2.534 GC heap before
{Heap before GC invocations=3 (full 0):
 PSYoungGen      total 114688K, used 25701K [0x0000000740000000, 0x000000074e000000, 0x00000007c0000000)
  eden space 98304K, 14% used [0x0000000740000000,0x0000000740dd2578,0x0000000746000000)
  from space 16384K, 70% used [0x0000000747000000,0x0000000747b47008,0x0000000748000000)
  to   space 16384K, 0% used [0x0000000746000000,0x0000000746000000,0x0000000747000000)
 ParOldGen       total 262144K, used 24K [0x0000000640000000, 0x0000000650000000, 0x0000000740000000)
  object space 262144K, 0% used [0x0000000640000000,0x0000000640006000,0x0000000650000000)
 Metaspace       used 20275K, capacity 21170K, committed 21296K, reserved 1067008K
  class space    used 2657K, capacity 2878K, committed 2944K, reserved 1048576K
Event: 2.542 GC heap after
Heap after GC invocations=3 (full 0):
 PSYoungGen      total 114688K, used 6304K [0x0000000740000000, 0x000000074e000000, 0x00000007c0000000)
  eden space 98304K, 0% used [0x0000000740000000,0x0000000740000000,0x0000000746000000)
  from space 16384K, 38% used [0x0000000746000000,0x0000000746628000,0x0000000747000000)
  to   space 16384K, 0% used [0x000000074d000000,0x000000074d000000,0x000000074e000000)
 ParOldGen       total 262144K, used 32K [0x0000000640000000, 0x0000000650000000, 0x0000000740000000)
  object space 262144K, 0% used [0x0000000640000000,0x0000000640008000,0x0000000650000000)
 Metaspace       used 20275K, capacity 21170K, committed 21296K, reserved 1067008K
  class space    used 2657K, capacity 2878K, committed 2944K, reserved 1048576K
}
Event: 2.542 GC heap before
{Heap before GC invocations=4 (full 1):
 PSYoungGen      total 114688K, used 6304K [0x0000000740000000, 0x000000074e000000, 0x00000007c0000000)
  eden space 98304K, 0% used [0x0000000740000000,0x0000000740000000,0x0000000746000000)
  from space 16384K, 38% used [0x0000000746000000,0x0000000746628000,0x0000000747000000)
  to   space 16384K, 0% used [0x000000074d000000,0x000000074d000000,0x000000074e000000)
 ParOldGen       total 262144K, used 32K [0x0000000640000000, 0x0000000650000000, 0x0000000740000000)
  object space 262144K, 0% used [0x0000000640000000,0x0000000640008000,0x0000000650000000)
 Metaspace       used 20275K, capacity 21170K, committed 21296K, reserved 1067008K
  class space    used 2657K, capacity 2878K, committed 2944K, reserved 1048576K
Event: 2.590 GC heap after
Heap after GC invocations=4 (full 1):
 PSYoungGen      total 114688K, used 0K [0x0000000740000000, 0x000000074e000000, 0x00000007c0000000)
  eden space 98304K, 0% used [0x0000000740000000,0x0000000740000000,0x0000000746000000)
  from space 16384K, 0% used [0x0000000746000000,0x0000000746000000,0x0000000747000000)
  to   space 16384K, 0% used [0x000000074d000000,0x000000074d000000,0x000000074e000000)
 ParOldGen       total 133120K, used 6206K [0x0000000640000000, 0x0000000648200000, 0x0000000740000000)
  object space 133120K, 4% used [0x0000000640000000,0x000000064060fb58,0x0000000648200000)
 Metaspace       used 20275K, capacity 21170K, committed 21296K, reserved 1067008K
  class space    used 2657K, capacity 2878K, committed 2944K, reserved 1048576K
}
Event: 3.682 GC heap before
{Heap before GC invocations=5 (full 1):
 PSYoungGen      total 114688K, used 98304K [0x0000000740000000, 0x000000074e000000, 0x00000007c0000000)
  eden space 98304K, 100% used [0x0000000740000000,0x0000000746000000,0x0000000746000000)
  from space 16384K, 0% used [0x0000000746000000,0x0000000746000000,0x0000000747000000)
  to   space 16384K, 0% used [0x000000074d000000,0x000000074d000000,0x000000074e000000)
 ParOldGen       total 133120K, used 6206K [0x0000000640000000, 0x0000000648200000, 0x0000000740000000)
  object space 133120K, 4% used [0x0000000640000000,0x000000064060fb58,0x0000000648200000)
 Metaspace       used 25604K, capacity 27196K, committed 27520K, reserved 1073152K
  class space    used 3528K, capacity 3860K, committed 3968K, reserved 1048576K
Event: 3.696 GC heap after
Heap after GC invocations=5 (full 1):
 PSYoungGen      total 175104K, used 10260K [0x0000000740000000, 0x000000074da80000, 0x00000007c0000000)
  eden space 164352K, 0% used [0x0000000740000000,0x0000000740000000,0x000000074a080000)
  from space 10752K, 95% used [0x000000074d000000,0x000000074da051c0,0x000000074da80000)
  to   space 16384K, 0% used [0x000000074ba80000,0x000000074ba80000,0x000000074ca80000)
 ParOldGen       total 133120K, used 6214K [0x0000000640000000, 0x0000000648200000, 0x0000000740000000)
  object space 133120K, 4% used [0x0000000640000000,0x0000000640611b58,0x0000000648200000)
 Metaspace       used 25604K, capacity 27196K, committed 27520K, reserved 1073152K
  class space    used 3528K, capacity 3860K, committed 3968K, reserved 1048576K
}
Event: 5.101 GC heap before
{Heap before GC invocations=6 (full 1):
 PSYoungGen      total 175104K, used 165415K [0x0000000740000000, 0x000000074da80000, 0x00000007c0000000)
  eden space 164352K, 94% used [0x0000000740000000,0x0000000749784da8,0x000000074a080000)
  from space 10752K, 95% used [0x000000074d000000,0x000000074da051c0,0x000000074da80000)
  to   space 16384K, 0% used [0x000000074ba80000,0x000000074ba80000,0x000000074ca80000)
 ParOldGen       total 133120K, used 6214K [0x0000000640000000, 0x0000000648200000, 0x0000000740000000)
  object space 133120K, 4% used [0x0000000640000000,0x0000000640611b58,0x0000000648200000)
 Metaspace       used 33214K, capacity 35464K, committed 35496K, reserved 1079296K
  class space    used 4424K, capacity 4834K, committed 4864K, reserved 1048576K
Event: 5.119 GC heap after
Heap after GC invocations=6 (full 1):
 PSYoungGen      total 207360K, used 15196K [0x0000000740000000, 0x0000000752700000, 0x00000007c0000000)
  eden space 190976K, 0% used [0x0000000740000000,0x0000000740000000,0x000000074ba80000)
  from space 16384K, 92% used [0x000000074ba80000,0x000000074c957218,0x000000074ca80000)
  to   space 16896K, 0% used [0x0000000751680000,0x0000000751680000,0x0000000752700000)
 ParOldGen       total 133120K, used 6230K [0x0000000640000000, 0x0000000648200000, 0x0000000740000000)
  object space 133120K, 4% used [0x0000000640000000,0x0000000640615b58,0x0000000648200000)
 Metaspace       used 33214K, capacity 35464K, committed 35496K, reserved 1079296K
  class space    used 4424K, capacity 4834K, committed 4864K, reserved 1048576K
}
Event: 5.119 GC heap before
{Heap before GC invocations=7 (full 2):
 PSYoungGen      total 207360K, used 15196K [0x0000000740000000, 0x0000000752700000, 0x00000007c0000000)
  eden space 190976K, 0% used [0x0000000740000000,0x0000000740000000,0x000000074ba80000)
  from space 16384K, 92% used [0x000000074ba80000,0x000000074c957218,0x000000074ca80000)
  to   space 16896K, 0% used [0x0000000751680000,0x0000000751680000,0x0000000752700000)
 ParOldGen       total 133120K, used 6230K [0x0000000640000000, 0x0000000648200000, 0x0000000740000000)
  object space 133120K, 4% used [0x0000000640000000,0x0000000640615b58,0x0000000648200000)
 Metaspace       used 33214K, capacity 35464K, committed 35496K, reserved 1079296K
  class space    used 4424K, capacity 4834K, committed 4864K, reserved 1048576K
Event: 5.223 GC heap after
Heap after GC invocations=7 (full 2):
 PSYoungGen      total 207360K, used 0K [0x0000000740000000, 0x0000000752700000, 0x00000007c0000000)
  eden space 190976K, 0% used [0x0000000740000000,0x0000000740000000,0x000000074ba80000)
  from space 16384K, 0% used [0x000000074ba80000,0x000000074ba80000,0x000000074ca80000)
  to   space 16896K, 0% used [0x0000000751680000,0x0000000751680000,0x0000000752700000)
 ParOldGen       total 207872K, used 19603K [0x0000000640000000, 0x000000064cb00000, 0x0000000740000000)
  object space 207872K, 9% used [0x0000000640000000,0x0000000641324e08,0x000000064cb00000)
 Metaspace       used 33214K, capacity 35464K, committed 35496K, reserved 1079296K
  class space    used 4424K, capacity 4834K, committed 4864K, reserved 1048576K
}

